<?xml version="1.0" encoding="UTF-8"?>
<testng-results ignored="0" total="1" passed="1" failed="0" skipped="0">
  <reporter-output>
  </reporter-output>
  <suite started-at="2023-02-02T11:22:30 IST" name="OpencartSuite" finished-at="2023-02-02T11:23:24 IST" duration-ms="54272">
    <groups>
    </groups>
    <test started-at="2023-02-02T11:22:30 IST" name="OpencartTest" finished-at="2023-02-02T11:23:24 IST" duration-ms="54272">
      <class name="testCases.TC_006_EndToEndTest">
        <test-method is-config="true" signature="setup(java.lang.String)[pri:0, instance:testCases.TC_006_EndToEndTest@15bb5034]" started-at="2023-02-02T11:22:30 IST" name="setup" finished-at="2023-02-02T11:22:40 IST" duration-ms="10067" status="PASS">
          <params>
            <param index="0">
              <value>
                <![CDATA[chrome]]>
              </value>
            </param>
          </params>
          <reporter-output>
          </reporter-output>
        </test-method> <!-- setup -->
        <test-method signature="endToendTest()[pri:0, instance:testCases.TC_006_EndToEndTest@15bb5034]" started-at="2023-02-02T11:22:40 IST" name="endToendTest" finished-at="2023-02-02T11:23:24 IST" duration-ms="43458" status="PASS">
          <reporter-output>
          </reporter-output>
        </test-method> <!-- endToendTest -->
        <test-method is-config="true" signature="tearDown()[pri:0, instance:testCases.TC_006_EndToEndTest@15bb5034]" started-at="2023-02-02T11:23:24 IST" name="tearDown" finished-at="2023-02-02T11:23:24 IST" duration-ms="252" status="PASS">
          <reporter-output>
          </reporter-output>
        </test-method> <!-- tearDown -->
      </class> <!-- testCases.TC_006_EndToEndTest -->
    </test> <!-- OpencartTest -->
  </suite> <!-- OpencartSuite -->
</testng-results>
