<?xml version="1.0" encoding="UTF-8"?>
<testng-results ignored="0" total="1" passed="1" failed="0" skipped="0">
  <reporter-output>
  </reporter-output>
  <suite started-at="2023-02-01T13:02:38 IST" name="OpencartSuite" finished-at="2023-02-01T13:03:23 IST" duration-ms="44433">
    <groups>
    </groups>
    <test started-at="2023-02-01T13:02:38 IST" name="OpencartTest" finished-at="2023-02-01T13:03:23 IST" duration-ms="44433">
      <class name="testCases.TC_006_EndToEndTest">
        <test-method is-config="true" signature="setup(java.lang.String)[pri:0, instance:testCases.TC_006_EndToEndTest@550dbc7a]" started-at="2023-02-01T13:02:39 IST" name="setup" finished-at="2023-02-01T13:02:42 IST" duration-ms="3202" status="PASS">
          <params>
            <param index="0">
              <value>
                <![CDATA[chrome]]>
              </value>
            </param>
          </params>
          <reporter-output>
          </reporter-output>
        </test-method> <!-- setup -->
        <test-method signature="endToendTest()[pri:0, instance:testCases.TC_006_EndToEndTest@550dbc7a]" started-at="2023-02-01T13:02:42 IST" name="endToendTest" finished-at="2023-02-01T13:03:22 IST" duration-ms="40671" status="PASS">
          <reporter-output>
          </reporter-output>
        </test-method> <!-- endToendTest -->
        <test-method is-config="true" signature="tearDown()[pri:0, instance:testCases.TC_006_EndToEndTest@550dbc7a]" started-at="2023-02-01T13:03:22 IST" name="tearDown" finished-at="2023-02-01T13:03:23 IST" duration-ms="191" status="PASS">
          <reporter-output>
          </reporter-output>
        </test-method> <!-- tearDown -->
      </class> <!-- testCases.TC_006_EndToEndTest -->
    </test> <!-- OpencartTest -->
  </suite> <!-- OpencartSuite -->
</testng-results>
